<?xml version="1.0" encoding="UTF-8"?>
<testsuite name="Review on the Iphone module" tests="1" skipped="0" failures="0" errors="0" timestamp="2022-05-31T01:11:21" hostname="SQABOG-TGP4337" time="253.793">
  <properties/>
  <testcase name="Brandon opens the website and reviews the iphone lists on the equipos tab" classname="Review on the Iphone module" time="253.793"/>
  <system-out><![CDATA[...........0..............
iPhone SE (3ª generación)
64 GB
$2.089.929
..............................
...........1..............
iPhone SE (3ª generación)
128 GB
$2.339.929
..............................
...........2..............
iPhone 13 mini
128 GB
$3.729.929
..............................
...........3..............
iPhone 13 mini
256 GB
$4.259.929
..............................
...........4..............
iPhone 13 mini
512 GB
$5.329.929
..............................
...........5..............
iPhone 13
128 GB
$4.265.929
..............................
...........6..............
iPhone 13
256 GB
$4.799.929
..............................
...........7..............
iPhone 13
512 GB
$5.855.929
..............................
...........8..............
iPhone 13 Pro
128 GB
$5.339.929
..............................
...........9..............
iPhone 13 Pro
256 GB
$5.869.929
..............................
...........10..............
iPhone 13 Pro
512 GB
$6.939.929
..............................
...........11..............
iPhone 13 Pro
1 TB
$7.999.929
..............................
...........12..............
iPhone 13 Pro Max
128 GB
$5.866.929
..............................
...........13..............
iPhone 13 Pro Max
256 GB
$6.399.929
..............................
...........14..............
iPhone 13 Pro Max
512 GB
$7.465.929
..............................
...........15..............
iPhone 13 Pro Max
1 TB
$8.529.929
..............................
...........16..............
iPhone XS
64 GB
$2.999.929
..............................
...........17..............
iPhone 11
128 GB
$2.909.929
..............................
...........18..............
iPhone 11 Pro Max
64 GB
$5.349.929
..............................
...........19..............
iPhone XS Max
64 GB
$3.399.929
..............................
...........20..............
iPhone 11 Pro
64 GB
$4.849.929
..............................
...........21..............
iPhone 12 Mini
64 GB
$3.159.929
..............................
...........22..............
iPhone SE 2020
128 GB
$2.349.929
..............................
...........23..............
iPhone 12
128 GB
$3.999.929
..............................
...........24..............
iPhone 12 Pro Max
128 GB
$5.295.929
..............................
...........25..............
iPhone 12
64 GB
$3.699.929
..............................
...........26..............
iPhone 12 Pro
128 GB
$4.864.929
..............................
...........27..............
iPhone 12 Mini
128 GB
$3.459.929
..............................
]]></system-out>
  <system-err><![CDATA[Starting ChromeDriver 100.0.4896.60 (6a5d10861ce8de5fce22564658033b43cb7de047-refs/branch-heads/4896@{#875}) on port 34921
Only local connections are allowed.
Please see https://chromedriver.chromium.org/security-considerations for suggestions on keeping ChromeDriver safe.
ChromeDriver was started successfully.
[1653959485.039][WARNING]: This version of ChromeDriver has not been tested with Chrome version 101.
may 30, 2022 8:11:25 PM org.openqa.selenium.remote.ProtocolHandshake createSession
INFORMACIÓN: Detected dialect: W3C
[Test worker] INFO net.thucydides.core.steps.ConsoleLoggingListener - 
        __    _____ _____ ____ _____   ____   _    ____  ____  _____ ____  
  _     \ \  |_   _| ____/ ___|_   _| |  _ \ / \  / ___|/ ___|| ____|  _ \ 
 (_)_____| |   | | |  _| \___ \ | |   | |_) / _ \ \___ \\___ \|  _| | | | |
  _|_____| |   | | | |___ ___) || |   |  __/ ___ \ ___) |___) | |___| |_| |
 (_)     | |   |_| |_____|____/ |_|   |_| /_/   \_\____/|____/|_____|____/ 
        /_/                                                                

TEST PASSED: Brandon opens the website and reviews the iphone lists on the equipos tab
----------------------------------------------------------------------------
]]></system-err>
</testsuite>
