<?xml version="1.0" encoding="UTF-8"?>
<testsuite name="Brandon purchase a laptop test" tests="1" skipped="0" failures="0" errors="0" timestamp="2022-06-28T00:10:33" hostname="SQABOG-TGP4337" time="24.399">
  <properties/>
  <testcase name="Purchase laptop" classname="Brandon purchase a laptop test" time="24.399"/>
  <system-out><![CDATA[Liliana7129
HP ENVY - 17T TOUCH
]]></system-out>
  <system-err><![CDATA[Starting ChromeDriver 102.0.5005.61 (0e59bcc00cc4985ce39ad31c150065f159d95ad3-refs/branch-heads/5005@{#819}) on port 24114
Only local connections are allowed.
Please see https://chromedriver.chromium.org/security-considerations for suggestions on keeping ChromeDriver safe.
ChromeDriver was started successfully.
jun 27, 2022 7:10:35 PM org.openqa.selenium.remote.ProtocolHandshake createSession
INFORMACIÃ“N: Detected dialect: W3C
[Test worker] INFO net.thucydides.core.steps.ConsoleLoggingListener - 
        __    _____ _____ ____ _____   ____   _    ____  ____  _____ ____  
  _     \ \  |_   _| ____/ ___|_   _| |  _ \ / \  / ___|/ ___|| ____|  _ \ 
 (_)_____| |   | | |  _| \___ \ | |   | |_) / _ \ \___ \\___ \|  _| | | | |
  _|_____| |   | | | |___ ___) || |   |  __/ ___ \ ___) |___) | |___| |_| |
 (_)     | |   |_| |_____|____/ |_|   |_| /_/   \_\____/|____/|_____|____/ 
        /_/                                                                

TEST PASSED: Purchase laptop
----------------------------------------------------------------------------
]]></system-err>
</testsuite>
